<?xml version="1.0" encoding="UTF-8"?>
<!-- Generated by org.testng.reporters.JUnitXMLReporter -->
<testsuite hostname="DESKTOP-0JTSKSQ" ignored="2" name="ModuleA" tests="3" failures="1" timestamp="17 Sep 2020 05:30:41 GMT" time="17.878" errors="0">
  <testcase name="m5" time="0.018" classname="AbstractClass.DependOnMethod">
    <failure type="java.lang.NullPointerException">
      <![CDATA[java.lang.NullPointerException
at AbstractClass.DependOnMethod.m5(DependOnMethod.java:35)
at java.util.concurrent.ThreadPoolExecutor.runWorker(ThreadPoolExecutor.java:1142)
at java.util.concurrent.ThreadPoolExecutor$Worker.run(ThreadPoolExecutor.java:617)
at java.lang.Thread.run(Thread.java:745)
... Removed 10 stack frames]]>
    </failure>
  </testcase> <!-- m5 -->
  <testcase name="m1" time="17.759" classname="AbstractClass.DependOnMethod"/>
  <testcase name="m2" time="0.029" classname="AbstractClass.DependOnMethod"/>
  <testcase name="m4" time="0.0" classname="AbstractClass.DependOnMethod">
    <ignored/>
  </testcase> <!-- m4 -->
  <testcase name="m3" time="0.0" classname="AbstractClass.DependOnMethod">
    <ignored/>
  </testcase> <!-- m3 -->
</testsuite> <!-- ModuleA -->
