<?xml version="1.0" encoding="UTF-8"?>
<testng-results skipped="0" failed="0" ignored="0" total="1" passed="1">
  <reporter-output>
  </reporter-output>
  <suite name="Default suite" duration-ms="787" started-at="2020-09-23T06:19:57Z" finished-at="2020-09-23T06:19:58Z">
    <groups>
    </groups>
    <test name="Default test" duration-ms="787" started-at="2020-09-23T06:19:57Z" finished-at="2020-09-23T06:19:58Z">
      <class name="ExcelSheetReading.GetData">
        <test-method status="PASS" signature="getaData()[pri:0, instance:ExcelSheetReading.GetData@7f13d6e]" name="getaData" duration-ms="730" started-at="2020-09-23T06:19:57Z" finished-at="2020-09-23T06:19:58Z">
          <reporter-output>
          </reporter-output>
        </test-method> <!-- getaData -->
      </class> <!-- ExcelSheetReading.GetData -->
    </test> <!-- Default test -->
  </suite> <!-- Default suite -->
</testng-results>
